Arguments: 
  C:\Program Files (x86)\nodejs\node.exe F:\realtime-pizza\bin\yarn.js

PATH: 
  C:\Users\Raj singh\bin;C:\Program Files\Git\mingw64\bin;C:\Program Files\Git\usr\local\bin;C:\Program Files\Git\usr\bin;C:\Program Files\Git\usr\bin;C:\Program Files\Git\mingw64\bin;C:\Program Files\Git\usr\bin;C:\Users\Raj singh\bin;C:\Program Files\Common Files\Oracle\Java\javapath;C:\WINDOWS\system32;C:\WINDOWS;C:\WINDOWS\System32\Wbem;C:\WINDOWS\System32\WindowsPowerShell\v1.0;C:\WINDOWS\System32\OpenSSH;C:\MinGW\bin;C:\Program Files\Git\cmd;F:\realtime-pizza\bin;C:\Program Files (x86)\nodejs;C:\python 3.9\Scripts;C:\python 3.9;C:\Program Files\Java\jdk-15.0.1\bin;C:\Program Files\JetBrains\IntelliJ IDEA Community Edition 2020.3.1\bin;C:\Users\Raj singh\AppData\Local\Programs\Microsoft VS Code\bin;C:\Users\Raj singh\AppData\Local\GitHubDesktop\bin;C:\Program Files\JetBrains\PyCharm Community Edition 2021.2.2\bin;C:\Users\Raj singh\AppData\Local\Yarn\bin;C:\Users\Raj singh\AppData\Roaming\npm;C:\Program Files\Git\usr\bin\vendor_perl;C:\Program Files\Git\usr\bin\core_perl

Yarn version: 
  1.22.18

Node version: 
  16.14.2

Platform: 
  win32 ia32

Trace: 
  Error: getaddrinfo ENOTFOUND registry.yarnpkg.com
      at GetAddrInfoReqWrap.onlookup [as oncomplete] (node:dns:71:26)

npm manifest: 
  {
    "name": "yarn",
    "installationMethod": "msi",
    "version": "1.22.18",
    "packageManager": "yarn@1.22.17",
    "license": "BSD-2-Clause",
    "preferGlobal": true,
    "description": "ðŸ“¦ðŸˆ Fast, reliable, and secure dependency management.",
    "resolutions": {
      "sshpk": "^1.14.2"
    },
    "engines": {
      "node": ">=4.0.0"
    },
    "repository": "yarnpkg/yarn",
    "bin": {
      "yarn": "./bin/yarn.js",
      "yarnpkg": "./bin/yarn.js"
    },
    "scripts": {
      "preinstall": ":; (node ./preinstall.js > /dev/null 2>&1 || true)"
    },
    "config": {
      "commitizen": {
        "path": "./node_modules/cz-conventional-changelog"
      }
    }
  }

yarn manifest: 
  No manifest

Lockfile: 
  # THIS IS AN AUTOGENERATED FILE. DO NOT EDIT THIS FILE DIRECTLY.
  # yarn lockfile v1
